[11024:9312:0121/023310:VERBOSE1:crash_service_main.cc(76)] Session start. cmdline is [--reporter-url=https://crashreporter.atom.io --application-name=Atom --v=1]
[116:6368:0121/023310:VERBOSE1:crash_service_main.cc(76)] Session start. cmdline is [--reporter-url=https://crashreporter.atom.io --application-name=Atom --v=1]
[11024:9312:0121/023310:VERBOSE1:crash_service.cc(142)] window handle is 00051554
[11024:9312:0121/023310:VERBOSE1:crash_service.cc(284)] pipe name is \\.\pipe\Atom Crash Service
dumps at C:\Users\Sergio\AppData\Local\Temp\Atom Crashes
[11024:9312:0121/023310:VERBOSE1:crash_service.cc(288)] checkpoint is C:\Users\Sergio\AppData\Local\Temp\Atom Crashes\crash_checkpoint.txt
server is https://crashreporter.atom.io
maximum 128 reports/day
reporter is electron-crash-service
[11024:9312:0121/023310:ERROR:crash_service.cc(295)] could not start dumper
[116:6368:0121/023310:VERBOSE1:crash_service.cc(142)] window handle is 000D1292
[116:6368:0121/023310:VERBOSE1:crash_service.cc(284)] pipe name is \\.\pipe\Atom Crash Service
dumps at C:\Users\Sergio\AppData\Local\Temp\Atom Crashes
[116:6368:0121/023310:VERBOSE1:crash_service.cc(288)] checkpoint is C:\Users\Sergio\AppData\Local\Temp\Atom Crashes\crash_checkpoint.txt
server is https://crashreporter.atom.io
maximum 128 reports/day
reporter is electron-crash-service
[116:6368:0121/023310:ERROR:crash_service.cc(295)] could not start dumper
[7204:9112:0121/023310:VERBOSE1:crash_service_main.cc(76)] Session start. cmdline is [--reporter-url=https://crashreporter.atom.io --application-name=Atom --v=1]
[13072:12704:0121/023310:VERBOSE1:crash_service_main.cc(76)] Session start. cmdline is [--reporter-url=https://crashreporter.atom.io --application-name=Atom --v=1]
[7204:9112:0121/023310:VERBOSE1:crash_service.cc(142)] window handle is 000D1264
[7204:9112:0121/023310:VERBOSE1:crash_service.cc(284)] pipe name is \\.\pipe\Atom Crash Service
dumps at C:\Users\Sergio\AppData\Local\Temp\Atom Crashes
[7204:9112:0121/023310:VERBOSE1:crash_service.cc(288)] checkpoint is C:\Users\Sergio\AppData\Local\Temp\Atom Crashes\crash_checkpoint.txt
server is https://crashreporter.atom.io
maximum 128 reports/day
reporter is electron-crash-service
[7204:9112:0121/023310:ERROR:crash_service.cc(295)] could not start dumper
[13072:12704:0121/023310:VERBOSE1:crash_service.cc(142)] window handle is 00051556
[13072:12704:0121/023310:VERBOSE1:crash_service.cc(284)] pipe name is \\.\pipe\Atom Crash Service
dumps at C:\Users\Sergio\AppData\Local\Temp\Atom Crashes
[13072:12704:0121/023310:VERBOSE1:crash_service.cc(288)] checkpoint is C:\Users\Sergio\AppData\Local\Temp\Atom Crashes\crash_checkpoint.txt
server is https://crashreporter.atom.io
maximum 128 reports/day
reporter is electron-crash-service
[13072:12704:0121/023310:ERROR:crash_service.cc(295)] could not start dumper
